[11-Aug-2020 19:01:04 UTC] PHP Warning:  mysqli_real_connect(): (HY000/1045): Access denied for user 'hostingr_whmpres'@'localhost' (using password: YES) in C:\Users\Michael1\Documents\GitHub\redcirclehost\app\public\wp-includes\wp-db.php on line 1626
[11-Aug-2020 19:01:04 UTC] PHP Stack trace:
[11-Aug-2020 19:01:04 UTC] PHP   1. {main}() C:\Users\Michael1\Documents\GitHub\redcirclehost\app\public\index.php:0
[11-Aug-2020 19:01:04 UTC] PHP   2. require() C:\Users\Michael1\Documents\GitHub\redcirclehost\app\public\index.php:17
[11-Aug-2020 19:01:04 UTC] PHP   3. require_once() C:\Users\Michael1\Documents\GitHub\redcirclehost\app\public\wp-blog-header.php:13
[11-Aug-2020 19:01:04 UTC] PHP   4. require_once() C:\Users\Michael1\Documents\GitHub\redcirclehost\app\public\wp-load.php:37
[11-Aug-2020 19:01:04 UTC] PHP   5. require_once() C:\Users\Michael1\Documents\GitHub\redcirclehost\app\public\wp-config.php:102
[11-Aug-2020 19:01:04 UTC] PHP   6. require_wp_db() C:\Users\Michael1\Documents\GitHub\redcirclehost\app\public\wp-settings.php:126
[11-Aug-2020 19:01:04 UTC] PHP   7. wpdb->__construct() C:\Users\Michael1\Documents\GitHub\redcirclehost\app\public\wp-includes\load.php:426
[11-Aug-2020 19:01:04 UTC] PHP   8. wpdb->db_connect() C:\Users\Michael1\Documents\GitHub\redcirclehost\app\public\wp-includes\wp-db.php:631
[11-Aug-2020 19:01:04 UTC] PHP   9. mysqli_real_connect() C:\Users\Michael1\Documents\GitHub\redcirclehost\app\public\wp-includes\wp-db.php:1626
[11-Aug-2020 19:01:30 UTC] PHP Warning:  mysqli_real_connect(): (HY000/1045): Access denied for user 'hostingr_whmpres'@'localhost' (using password: YES) in C:\Users\Michael1\Documents\GitHub\redcirclehost\app\public\wp-includes\wp-db.php on line 1626
[11-Aug-2020 19:01:30 UTC] PHP Stack trace:
[11-Aug-2020 19:01:30 UTC] PHP   1. {main}() C:\Users\Michael1\Documents\GitHub\redcirclehost\app\public\wp-admin\admin-ajax.php:0
[11-Aug-2020 19:01:30 UTC] PHP   2. require_once() C:\Users\Michael1\Documents\GitHub\redcirclehost\app\public\wp-admin\admin-ajax.php:22
[11-Aug-2020 19:01:30 UTC] PHP   3. require_once() C:\Users\Michael1\Documents\GitHub\redcirclehost\app\public\wp-load.php:37
[11-Aug-2020 19:01:30 UTC] PHP   4. require_once() C:\Users\Michael1\Documents\GitHub\redcirclehost\app\public\wp-config.php:102
[11-Aug-2020 19:01:30 UTC] PHP   5. require_wp_db() C:\Users\Michael1\Documents\GitHub\redcirclehost\app\public\wp-settings.php:126
[11-Aug-2020 19:01:30 UTC] PHP   6. wpdb->__construct() C:\Users\Michael1\Documents\GitHub\redcirclehost\app\public\wp-includes\load.php:426
[11-Aug-2020 19:01:30 UTC] PHP   7. wpdb->db_connect() C:\Users\Michael1\Documents\GitHub\redcirclehost\app\public\wp-includes\wp-db.php:631
[11-Aug-2020 19:01:30 UTC] PHP   8. mysqli_real_connect() C:\Users\Michael1\Documents\GitHub\redcirclehost\app\public\wp-includes\wp-db.php:1626
